<?xml version="1.0" encoding="UTF-8"?>
<!-- Generated by org.testng.reporters.JUnitReportReporter -->
<testsuite hostname="DESKTOP-OR6VU5V" name="com.NopEcom.TestCases.VarifyValidUser" tests="1" failures="0" timestamp="12 Aug 2020 11:43:01 GMT" time="17.513" errors="0">
  <testcase name="TestUser" time="17.513" classname="com.NopEcom.TestCases.VarifyValidUser"/>
</testsuite> <!-- com.NopEcom.TestCases.VarifyValidUser -->
